<?xml version="1.0" encoding="UTF-8"?>
<!-- Generated by org.testng.reporters.JUnitXMLReporter -->
<testsuite hostname="LAPTOP-2OMVKCI9" name="Default test" tests="4" failures="0" timestamp="31 May 2019 10:19:53 GMT" time="152.236" errors="0">
  <testcase name="launchApplication" time="118.815" classname="test_Ng_Package.Test_Case_001"/>
  <testcase name="searchItem" time="4.58" classname="test_Ng_Package.Test_Case_001"/>
  <testcase name="clickButton" time="0.434" classname="test_Ng_Package.Test_Case_001"/>
  <testcase name="searchResult" time="0.657" classname="test_Ng_Package.Test_Case_001"/>
</testsuite> <!-- Default test -->
